[10:50:54.149] Counting files in source: 100 so far...
[10:50:54.149] === Sync Log Started: 2025-12-26T10:50:54-05:00 ===
[10:50:54.149] Source: test_files/2024
[10:50:54.149] Destination: test_files_copy
[10:50:54.149] Workers: 4, Adaptive: true, ChangeType: devious-content-changes
[10:50:54.149] 
[10:50:54.149] Counting files in source: 110 so far...
[10:50:54.149] Counting files in source: 120 so far...
[10:50:54.149] Counting files in source: 130 so far...
[10:50:54.149] Counting files in source: 140 so far...
[10:50:54.149] Counting files in source: 150 so far...
[10:50:54.149] Counting files in source: 160 so far...
[10:50:54.149] Counting files in source: 170 so far...
[10:50:54.150] Counting files in source: 180 so far...
[10:50:54.150] Counting files in source: 190 so far...
[10:50:54.150] Counting files in source: 200 so far...
[10:50:54.150] Counting files in source: 210 so far...
[10:50:54.150] Counting files in source: 220 so far...
[10:50:54.150] Counting files in source: 230 so far...
[10:50:54.150] Counting files in source: 240 so far...
[10:50:54.150] Counting files in source: 250 so far...
[10:50:54.150] Counting files in source: 260 so far...
[10:50:54.150] Counting files in source: 270 so far...
[10:50:54.150] Counting files in source: 280 so far...
[10:50:54.150] Counting files in source: 290 so far...
[10:50:54.150] Counting files in source: 300 so far...
[10:50:54.150] Counting files in source: 310 so far...
[10:50:54.150] Counting files in source: 320 so far...
[10:50:54.150] Counting files in source: 330 so far...
[10:50:54.150] Counting files in source: 340 so far...
[10:50:54.150] Counting files in source: 350 so far...
[10:50:54.150] Counting files in source: 360 so far...
[10:50:54.150] Counting files in source: 370 so far...
[10:50:54.150] Counting files in source: 380 so far...
[10:50:54.150] Counting files in source: 390 so far...
[10:50:54.150] Counting files in source: 400 so far...
[10:50:54.150] Counting files in source: 410 so far...
[10:50:54.150] Counting files in source: 420 so far...
[10:50:54.150] Counting files in source: 430 so far...
[10:50:54.150] Counting files in source: 440 so far...
[10:50:54.150] Counting files in source: 450 so far...
[10:50:54.150] Counting files in source: 460 so far...
[10:50:54.151] Counting files in source: 470 so far...
[10:50:54.151] Counting files in source: 480 so far...
[10:50:54.151] Counting files in source: 490 so far...
[10:50:54.151] Counting files in source: 500 so far...
[10:50:54.151] Counting files in source: 510 so far...
[10:50:54.151] Counting files in source: 520 so far...
[10:50:54.151] Counting files in source: 530 so far...
[10:50:54.151] Counting files in source: 540 so far...
[10:50:54.151] Counting files in source: 550 so far...
[10:50:54.151] Counting files in source: 560 so far...
[10:50:54.151] Counting files in source: 570 so far...
[10:50:54.151] Counting files in source: 580 so far...
[10:50:54.151] Counting files in source: 590 so far...
[10:50:54.151] Counting files in source: 600 so far...
[10:50:54.151] Counting files in source: 610 so far...
[10:50:54.151] Counting files in source: 620 so far...
[10:50:54.151] Counting files in source: 630 so far...
[10:50:54.151] Counting files in source: 640 so far...
[10:50:54.151] Counting files in source: 650 so far...
[10:50:54.151] Counting files in source: 660 so far...
[10:50:54.151] Counting files in source: 670 so far...
[10:50:54.151] Counting files in source: 680 so far...
[10:50:54.151] Counting files in source: 690 so far...
[10:50:54.151] Counting files in source: 700 so far...
[10:50:54.151] Counting files in source: 710 so far...
[10:50:54.151] Counting files in source: 720 so far...
[10:50:54.151] Counting files in source: 730 so far...
[10:50:54.151] Counting files in source: 740 so far...
[10:50:54.151] Counting files in source: 750 so far...
[10:50:54.151] Counting files in source: 760 so far...
[10:50:54.152] Counting files in source: 770 so far...
[10:50:54.152] Counting files in source: 780 so far...
[10:50:54.152] Counting files in source: 790 so far...
[10:50:54.152] Counting files in source: 800 so far...
[10:50:54.152] Counting files in source: 810 so far...
[10:50:54.152] Counting files in source: 820 so far...
[10:50:54.152] Counting files in source: 830 so far...
[10:50:54.152] Counting files in source: 840 so far...
[10:50:54.152] Counting files in source: 850 so far...
[10:50:54.152] Counting files in source: 860 so far...
[10:50:54.152] Counting files in source: 870 so far...
[10:50:54.152] Counting files in source: 880 so far...
[10:50:54.152] Counting files in source: 890 so far...
[10:50:54.152] Counting files in source: 900 so far...
[10:50:54.152] Counting files in source: 910 so far...
[10:50:54.152] Counting files in source: 920 so far...
[10:50:54.152] Counting files in source: 930 so far...
[10:50:54.152] Counting files in source: 940 so far...
[10:50:54.152] Counting files in source: 950 so far...
[10:50:54.152] Counting files in source: 960 so far...
[10:50:54.152] Counting files in source: 970 so far...
[10:50:54.152] Counting files in source: 980 so far...
[10:50:54.152] Counting files in source: 990 so far...
[10:50:54.152] Counting files in source: 1000 so far...
[10:50:54.152] Counting files in source: 1010 so far...
[10:50:54.152] Counting files in source: 1020 so far...
[10:50:54.152] Counting files in source: 1030 so far...
[10:50:54.152] Counting files in source: 1040 so far...
[10:50:54.152] Counting files in source: 1050 so far...
[10:50:54.153] Counting files in source: 1060 so far...
[10:50:54.153] Counting files in source: 1070 so far...
[10:50:54.153] Counting files in source: 1080 so far...
[10:50:54.153] Counting files in source: 1090 so far...
[10:50:54.153] Counting files in source: 1100 so far...
[10:50:54.153] Counting files in source: 1110 so far...
[10:50:54.153] Counting files in source: 1120 so far...
[10:50:54.153] Counting files in source: 1130 so far...
[10:50:54.153] Counting files in source: 1140 so far...
[10:50:54.153] Counting files in source: 1150 so far...
[10:50:54.153] Counting files in source: 1160 so far...
[10:50:54.153] Counting files in source: 1170 so far...
[10:50:54.153] Counting files in source: 1180 so far...
[10:50:54.153] Counting files in source: 1190 so far...
[10:50:54.153] Counting files in source: 1200 so far...
[10:50:54.153] Counting files in source: 1210 so far...
[10:50:54.153] Counting files in source: 1220 so far...
[10:50:54.153] Counting files in source: 1230 so far...
[10:50:54.153] Counting files in source: 1240 so far...
[10:50:54.153] Counting files in source: 1250 so far...
[10:50:54.153] Counting files in source: 1260 so far...
[10:50:54.153] Counting files in source: 1270 so far...
[10:50:54.153] Counting files in source: 1280 so far...
[10:50:54.153] Counting files in source: 1290 so far...
[10:50:54.153] Counting files in source: 1300 so far...
[10:50:54.153] Counting files in source: 1310 so far...
[10:50:54.153] Counting files in source: 1320 so far...
[10:50:54.153] Counting files in source: 1330 so far...
[10:50:54.153] Counting files in source: 1340 so far...
[10:50:54.153] Counting files in source: 1350 so far...
[10:50:54.153] Counting files in source: 1360 so far...
[10:50:54.153] Counting files in source: 1370 so far...
[10:50:54.153] Counting files in source: 1380 so far...
[10:50:54.153] Counting files in source: 1390 so far...
[10:50:54.154] Counting files in source: 1400 so far...
[10:50:54.154] Counting files in source: 1410 so far...
[10:50:54.154] Counting files in source: 1420 so far...
[10:50:54.154] Counting files in source: 1430 so far...
[10:50:54.154] Counting files in source: 1440 so far...
[10:50:54.154] Counting files in source: 1450 so far...
[10:50:54.154] Counting files in source: 1460 so far...
[10:50:54.154] Counting files in source: 1470 so far...
[10:50:54.154] Counting files in source: 1480 so far...
[10:50:54.154] Counting files in source: 1490 so far...
[10:50:54.154] Counting files in source: 1500 so far...
[10:50:54.154] Counting files in source: 1510 so far...
[10:50:54.154] Counting files in source: 1520 so far...
[10:50:54.154] Counting files in source: 1530 so far...
[10:50:54.154] Counting files in source: 1540 so far...
[10:50:54.154] Counting files in source: 1550 so far...
[10:50:54.154] Counting files in source: 1560 so far...
[10:50:54.154] Counting files in source: 1570 so far...
[10:50:54.154] Counting files in source: 1580 so far...
[10:50:54.154] Counting files in source: 1590 so far...
[10:50:54.154] Counting files in source: 1600 so far...
[10:50:54.154] Counting files in source: 1610 so far...
[10:50:54.154] Counting files in source: 1620 so far...
[10:50:54.154] Counting files in source: 1630 so far...
[10:50:54.154] Counting files in source: 1640 so far...
[10:50:54.154] Counting files in source: 1650 so far...
[10:50:54.154] Counting files in source: 1660 so far...
[10:50:54.154] Counting files in source: 1670 so far...
[10:50:54.154] Counting files in source: 1680 so far...
[10:50:54.154] Counting files in source: 1690 so far...
[10:50:54.154] Counting files in source: 1700 so far...
[10:50:54.154] Counting files in source: 1710 so far...
[10:50:54.155] Counting files in source: 1720 so far...
[10:50:54.155] Counting files in source: 1730 so far...
[10:50:54.155] Counting files in source: 1740 so far...
[10:50:54.155] Counting files in source: 1750 so far...
[10:50:54.155] Counting files in source: 1760 so far...
[10:50:54.155] Counting files in source: 1770 so far...
[10:50:54.155] Counting files in source: 1780 so far...
[10:50:54.155] Counting files in source: 1790 so far...
[10:50:54.155] Counting files in source: 1800 so far...
[10:50:54.155] Counting files in source: 1810 so far...
[10:50:54.155] Counting files in source: 1820 so far...
[10:50:54.155] Counting files in source: 1830 so far...
[10:50:54.155] Counting files in source: 1840 so far...
[10:50:54.155] Counting files in source: 1850 so far...
[10:50:54.155] Counting files in source: 1860 so far...
[10:50:54.155] Counting files in source: 1870 so far...
[10:50:54.155] Counting files in source: 1880 so far...
[10:50:54.155] Counting files in source: 1890 so far...
[10:50:54.155] Counting files in source: 1900 so far...
[10:50:54.155] Counting files in source: 1910 so far...
[10:50:54.155] Counting files in source: 1920 so far...
[10:50:54.155] Counting files in source: 1930 so far...
[10:50:54.155] Counting files in source: 1940 so far...
[10:50:54.155] Counting files in source: 1950 so far...
[10:50:54.155] Counting files in source: 1960 so far...
[10:50:54.155] Counting files in source: 1970 so far...
[10:50:54.155] Counting files in source: 1980 so far...
[10:50:54.155] Counting files in source: 1990 so far...
[10:50:54.155] Counting files in source: 2000 so far...
[10:50:54.155] Counting files in source: 2010 so far...
[10:50:54.155] Counting files in source: 2020 so far...
[10:50:54.155] Counting files in source: 2030 so far...
[10:50:54.155] Counting files in source: 2040 so far...
[10:50:54.155] Counting files in source: 2050 so far...
[10:50:54.155] Counting files in source: 2060 so far...
[10:50:54.155] Counting files in source: 2070 so far...
[10:50:54.156] Counting files in source: 2080 so far...
[10:50:54.156] Counting files in source: 2090 so far...
[10:50:54.156] Counting files in source: 2100 so far...
[10:50:54.156] Counting files in source: 2110 so far...
[10:50:54.156] Counting files in source: 2120 so far...
[10:50:54.156] Counting files in source: 2130 so far...
[10:50:54.156] Counting files in source: 2140 so far...
[10:50:54.156] Counting files in source: 2150 so far...
[10:50:54.156] Counting files in source: 2160 so far...
[10:50:54.156] Counting files in source: 2170 so far...
[10:50:54.156] Counting files in source: 2180 so far...
[10:50:54.156] Counting files in source: 2190 so far...
[10:50:54.156] Counting files in source: 2200 so far...
[10:50:54.156] Counting files in source: 2210 so far...
[10:50:54.156] Counting files in source: 2220 so far...
[10:50:54.156] Counting files in source: 2230 so far...
[10:50:54.156] Counting files in source: 2240 so far...
[10:50:54.156] Counting files in source: 2250 so far...
[10:50:54.156] Counting files in source: 2260 so far...
[10:50:54.156] Counting files in source: 2270 so far...
[10:50:54.156] Counting files in source: 2280 so far...
[10:50:54.156] Counting files in source: 2290 so far...
[10:50:54.156] Counting files in source: 2300 so far...
[10:50:54.156] Counting files in source: 2310 so far...
[10:50:54.156] Counting files in source: 2320 so far...
[10:50:54.156] Counting files in source: 2330 so far...
[10:50:54.156] Counting files in source: 2340 so far...
[10:50:54.156] Counting files in source: 2350 so far...
[10:50:54.156] Counting files in source: 2360 so far...
[10:50:54.156] Counting files in source: 2370 so far...
[10:50:54.156] Counting files in source: 2380 so far...
[10:50:54.157] Counting files in source: 2390 so far...
[10:50:54.157] Counting files in source: 2400 so far...
[10:50:54.157] Counting files in source: 2410 so far...
[10:50:54.157] Counting files in source: 2420 so far...
[10:50:54.157] Counting files in source: 2430 so far...
[10:50:54.157] Counting files in source: 2440 so far...
[10:50:54.157] Counting files in source: 2450 so far...
[10:50:54.157] Counting files in source: 2460 so far...
[10:50:54.157] Counting files in source: 2470 so far...
[10:50:54.157] Counting files in source: 2480 so far...
[10:50:54.157] Counting files in source: 2490 so far...
[10:50:54.157] Counting files in source: 2500 so far...
[10:50:54.157] Counting files in source: 2510 so far...
[10:50:54.157] Counting files in source: 2520 so far...
[10:50:54.157] Scanning 10 / 2528 files from source...
[10:50:54.157] Scanning 20 / 2528 files from source...
[10:50:54.157] Scanning 30 / 2528 files from source...
[10:50:54.157] Scanning 40 / 2528 files from source...
[10:50:54.157] Scanning 50 / 2528 files from source...
[10:50:54.157] Scanning 60 / 2528 files from source...
[10:50:54.157] Scanning 70 / 2528 files from source...
[10:50:54.157] Scanning 80 / 2528 files from source...
[10:50:54.157] Scanning 90 / 2528 files from source...
[10:50:54.157] Scanning 100 / 2528 files from source...
[10:50:54.157] Scanning 110 / 2528 files from source...
[10:50:54.157] Scanning 120 / 2528 files from source...
[10:50:54.157] Scanning 130 / 2528 files from source...
[10:50:54.157] Scanning 140 / 2528 files from source...
[10:50:54.157] Scanning 150 / 2528 files from source...
[10:50:54.157] Scanning 160 / 2528 files from source...
[10:50:54.157] Scanning 170 / 2528 files from source...
[10:50:54.157] Scanning 180 / 2528 files from source...
[10:50:54.157] Scanning 190 / 2528 files from source...
[10:50:54.157] Scanning 200 / 2528 files from source...
[10:50:54.158] Scanning 210 / 2528 files from source...
[10:50:54.158] Scanning 220 / 2528 files from source...
[10:50:54.158] Scanning 230 / 2528 files from source...
[10:50:54.158] Scanning 240 / 2528 files from source...
[10:50:54.158] Scanning 250 / 2528 files from source...
[10:50:54.158] Scanning 260 / 2528 files from source...
[10:50:54.158] Scanning 270 / 2528 files from source...
[10:50:54.158] Scanning 280 / 2528 files from source...
[10:50:54.158] Scanning 290 / 2528 files from source...
[10:50:54.158] Scanning 300 / 2528 files from source...
[10:50:54.158] Scanning 310 / 2528 files from source...
[10:50:54.158] Scanning 320 / 2528 files from source...
[10:50:54.158] Scanning 330 / 2528 files from source...
[10:50:54.158] Scanning 340 / 2528 files from source...
[10:50:54.158] Scanning 350 / 2528 files from source...
[10:50:54.158] Scanning 360 / 2528 files from source...
[10:50:54.158] Scanning 370 / 2528 files from source...
[10:50:54.158] Scanning 380 / 2528 files from source...
[10:50:54.158] Scanning 390 / 2528 files from source...
[10:50:54.158] Scanning 400 / 2528 files from source...
[10:50:54.158] Scanning 410 / 2528 files from source...
[10:50:54.158] Scanning 420 / 2528 files from source...
[10:50:54.158] Scanning 430 / 2528 files from source...
[10:50:54.158] Scanning 440 / 2528 files from source...
[10:50:54.158] Scanning 450 / 2528 files from source...
[10:50:54.158] Scanning 460 / 2528 files from source...
[10:50:54.158] Scanning 470 / 2528 files from source...
[10:50:54.158] Scanning 480 / 2528 files from source...
[10:50:54.158] Scanning 490 / 2528 files from source...
[10:50:54.158] Scanning 500 / 2528 files from source...
[10:50:54.158] Scanning 510 / 2528 files from source...
[10:50:54.158] Scanning 520 / 2528 files from source...
[10:50:54.158] Scanning 530 / 2528 files from source...
[10:50:54.158] Scanning 540 / 2528 files from source...
[10:50:54.158] Scanning 550 / 2528 files from source...
[10:50:54.158] Scanning 560 / 2528 files from source...
[10:50:54.158] Scanning 570 / 2528 files from source...
[10:50:54.158] Scanning 580 / 2528 files from source...
[10:50:54.159] Scanning 590 / 2528 files from source...
[10:50:54.159] Scanning 600 / 2528 files from source...
[10:50:54.159] Scanning 610 / 2528 files from source...
[10:50:54.159] Scanning 620 / 2528 files from source...
[10:50:54.159] Scanning 630 / 2528 files from source...
[10:50:54.159] Scanning 640 / 2528 files from source...
[10:50:54.159] Scanning 650 / 2528 files from source...
[10:50:54.159] Scanning 660 / 2528 files from source...
[10:50:54.159] Scanning 670 / 2528 files from source...
[10:50:54.159] Scanning 680 / 2528 files from source...
[10:50:54.159] Scanning 690 / 2528 files from source...
[10:50:54.159] Scanning 700 / 2528 files from source...
[10:50:54.159] Scanning 710 / 2528 files from source...
[10:50:54.159] Scanning 720 / 2528 files from source...
[10:50:54.159] Scanning 730 / 2528 files from source...
[10:50:54.159] Scanning 740 / 2528 files from source...
[10:50:54.159] Scanning 750 / 2528 files from source...
[10:50:54.159] Scanning 760 / 2528 files from source...
[10:50:54.159] Scanning 770 / 2528 files from source...
[10:50:54.159] Scanning 780 / 2528 files from source...
[10:50:54.159] Scanning 790 / 2528 files from source...
[10:50:54.159] Scanning 800 / 2528 files from source...
[10:50:54.159] Scanning 810 / 2528 files from source...
[10:50:54.159] Scanning 820 / 2528 files from source...
[10:50:54.159] Scanning 830 / 2528 files from source...
[10:50:54.159] Scanning 840 / 2528 files from source...
[10:50:54.159] Scanning 850 / 2528 files from source...
[10:50:54.159] Scanning 860 / 2528 files from source...
[10:50:54.159] Scanning 870 / 2528 files from source...
[10:50:54.159] Scanning 880 / 2528 files from source...
[10:50:54.159] Scanning 890 / 2528 files from source...
[10:50:54.160] Scanning 900 / 2528 files from source...
[10:50:54.160] Scanning 910 / 2528 files from source...
[10:50:54.160] Scanning 920 / 2528 files from source...
[10:50:54.160] Scanning 930 / 2528 files from source...
[10:50:54.160] Scanning 940 / 2528 files from source...
[10:50:54.160] Scanning 950 / 2528 files from source...
[10:50:54.160] Scanning 960 / 2528 files from source...
[10:50:54.160] Scanning 970 / 2528 files from source...
[10:50:54.160] Scanning 980 / 2528 files from source...
[10:50:54.160] Scanning 990 / 2528 files from source...
[10:50:54.160] Scanning 1000 / 2528 files from source...
[10:50:54.160] Scanning 1010 / 2528 files from source...
[10:50:54.160] Scanning 1020 / 2528 files from source...
[10:50:54.160] Scanning 1030 / 2528 files from source...
[10:50:54.160] Scanning 1040 / 2528 files from source...
[10:50:54.160] Scanning 1050 / 2528 files from source...
[10:50:54.160] Scanning 1060 / 2528 files from source...
[10:50:54.160] Scanning 1070 / 2528 files from source...
[10:50:54.160] Scanning 1080 / 2528 files from source...
[10:50:54.160] Scanning 1090 / 2528 files from source...
[10:50:54.160] Scanning 1100 / 2528 files from source...
[10:50:54.160] Scanning 1110 / 2528 files from source...
[10:50:54.160] Scanning 1120 / 2528 files from source...
[10:50:54.160] Scanning 1130 / 2528 files from source...
[10:50:54.160] Scanning 1140 / 2528 files from source...
[10:50:54.160] Scanning 1150 / 2528 files from source...
[10:50:54.160] Scanning 1160 / 2528 files from source...
[10:50:54.160] Scanning 1170 / 2528 files from source...
[10:50:54.160] Scanning 1180 / 2528 files from source...
[10:50:54.160] Scanning 1190 / 2528 files from source...
[10:50:54.160] Scanning 1200 / 2528 files from source...
[10:50:54.160] Scanning 1210 / 2528 files from source...
[10:50:54.160] Scanning 1220 / 2528 files from source...
[10:50:54.160] Scanning 1230 / 2528 files from source...
[10:50:54.160] Scanning 1240 / 2528 files from source...
[10:50:54.160] Scanning 1250 / 2528 files from source...
[10:50:54.160] Scanning 1260 / 2528 files from source...
[10:50:54.160] Scanning 1270 / 2528 files from source...
[10:50:54.160] Scanning 1280 / 2528 files from source...
[10:50:54.160] Scanning 1290 / 2528 files from source...
[10:50:54.160] Scanning 1300 / 2528 files from source...
[10:50:54.160] Scanning 1310 / 2528 files from source...
[10:50:54.160] Scanning 1320 / 2528 files from source...
[10:50:54.161] Scanning 1330 / 2528 files from source...
[10:50:54.161] Scanning 1340 / 2528 files from source...
[10:50:54.161] Scanning 1350 / 2528 files from source...
[10:50:54.161] Scanning 1360 / 2528 files from source...
[10:50:54.161] Scanning 1370 / 2528 files from source...
[10:50:54.161] Scanning 1380 / 2528 files from source...
[10:50:54.161] Scanning 1390 / 2528 files from source...
[10:50:54.161] Scanning 1400 / 2528 files from source...
[10:50:54.161] Scanning 1410 / 2528 files from source...
[10:50:54.161] Scanning 1420 / 2528 files from source...
[10:50:54.161] Scanning 1430 / 2528 files from source...
[10:50:54.161] Scanning 1440 / 2528 files from source...
[10:50:54.161] Scanning 1450 / 2528 files from source...
[10:50:54.161] Scanning 1460 / 2528 files from source...
[10:50:54.161] Scanning 1470 / 2528 files from source...
[10:50:54.161] Scanning 1480 / 2528 files from source...
[10:50:54.161] Scanning 1490 / 2528 files from source...
[10:50:54.161] Scanning 1500 / 2528 files from source...
[10:50:54.161] Scanning 1510 / 2528 files from source...
[10:50:54.161] Scanning 1520 / 2528 files from source...
[10:50:54.161] Scanning 1530 / 2528 files from source...
[10:50:54.161] Scanning 1540 / 2528 files from source...
[10:50:54.161] Scanning 1550 / 2528 files from source...
[10:50:54.161] Scanning 1560 / 2528 files from source...
[10:50:54.161] Scanning 1570 / 2528 files from source...
[10:50:54.161] Scanning 1580 / 2528 files from source...
[10:50:54.161] Scanning 1590 / 2528 files from source...
[10:50:54.161] Scanning 1600 / 2528 files from source...
[10:50:54.161] Scanning 1610 / 2528 files from source...
[10:50:54.161] Scanning 1620 / 2528 files from source...
[10:50:54.161] Scanning 1630 / 2528 files from source...
[10:50:54.161] Scanning 1640 / 2528 files from source...
[10:50:54.161] Scanning 1650 / 2528 files from source...
[10:50:54.161] Scanning 1660 / 2528 files from source...
[10:50:54.161] Scanning 1670 / 2528 files from source...
[10:50:54.161] Scanning 1680 / 2528 files from source...
[10:50:54.161] Scanning 1690 / 2528 files from source...
[10:50:54.161] Scanning 1700 / 2528 files from source...
[10:50:54.161] Scanning 1710 / 2528 files from source...
[10:50:54.162] Scanning 1720 / 2528 files from source...
[10:50:54.162] Scanning 1730 / 2528 files from source...
[10:50:54.162] Scanning 1740 / 2528 files from source...
[10:50:54.162] Scanning 1750 / 2528 files from source...
[10:50:54.162] Scanning 1760 / 2528 files from source...
[10:50:54.162] Scanning 1770 / 2528 files from source...
[10:50:54.162] Scanning 1780 / 2528 files from source...
[10:50:54.162] Scanning 1790 / 2528 files from source...
[10:50:54.162] Scanning 1800 / 2528 files from source...
[10:50:54.162] Scanning 1810 / 2528 files from source...
[10:50:54.162] Scanning 1820 / 2528 files from source...
[10:50:54.162] Scanning 1830 / 2528 files from source...
[10:50:54.162] Scanning 1840 / 2528 files from source...
[10:50:54.162] Scanning 1850 / 2528 files from source...
[10:50:54.162] Scanning 1860 / 2528 files from source...
[10:50:54.162] Scanning 1870 / 2528 files from source...
[10:50:54.163] Scanning 1880 / 2528 files from source...
[10:50:54.163] Scanning 1890 / 2528 files from source...
[10:50:54.163] Scanning 1900 / 2528 files from source...
[10:50:54.163] Scanning 1910 / 2528 files from source...
[10:50:54.163] Scanning 1920 / 2528 files from source...
[10:50:54.163] Scanning 1930 / 2528 files from source...
[10:50:54.163] Scanning 1940 / 2528 files from source...
[10:50:54.163] Scanning 1950 / 2528 files from source...
[10:50:54.163] Scanning 1960 / 2528 files from source...
[10:50:54.163] Scanning 1970 / 2528 files from source...
[10:50:54.163] Scanning 1980 / 2528 files from source...
[10:50:54.163] Scanning 1990 / 2528 files from source...
[10:50:54.163] Scanning 2000 / 2528 files from source...
[10:50:54.163] Scanning 2010 / 2528 files from source...
[10:50:54.163] Scanning 2020 / 2528 files from source...
[10:50:54.163] Scanning 2030 / 2528 files from source...
[10:50:54.163] Scanning 2040 / 2528 files from source...
[10:50:54.163] Scanning 2050 / 2528 files from source...
[10:50:54.163] Scanning 2060 / 2528 files from source...
[10:50:54.163] Scanning 2070 / 2528 files from source...
[10:50:54.163] Scanning 2080 / 2528 files from source...
[10:50:54.163] Scanning 2090 / 2528 files from source...
[10:50:54.163] Scanning 2100 / 2528 files from source...
[10:50:54.163] Scanning 2110 / 2528 files from source...
[10:50:54.163] Scanning 2120 / 2528 files from source...
[10:50:54.163] Scanning 2130 / 2528 files from source...
[10:50:54.163] Scanning 2140 / 2528 files from source...
[10:50:54.163] Scanning 2150 / 2528 files from source...
[10:50:54.163] Scanning 2160 / 2528 files from source...
[10:50:54.163] Scanning 2170 / 2528 files from source...
[10:50:54.163] Scanning 2180 / 2528 files from source...
[10:50:54.163] Scanning 2190 / 2528 files from source...
[10:50:54.163] Scanning 2200 / 2528 files from source...
[10:50:54.163] Scanning 2210 / 2528 files from source...
[10:50:54.163] Scanning 2220 / 2528 files from source...
[10:50:54.164] Scanning 2230 / 2528 files from source...
[10:50:54.164] Scanning 2240 / 2528 files from source...
[10:50:54.164] Scanning 2250 / 2528 files from source...
[10:50:54.164] Scanning 2260 / 2528 files from source...
[10:50:54.164] Scanning 2270 / 2528 files from source...
[10:50:54.164] Scanning 2280 / 2528 files from source...
[10:50:54.164] Scanning 2290 / 2528 files from source...
[10:50:54.164] Scanning 2300 / 2528 files from source...
[10:50:54.164] Scanning 2310 / 2528 files from source...
[10:50:54.164] Scanning 2320 / 2528 files from source...
[10:50:54.164] Scanning 2330 / 2528 files from source...
[10:50:54.164] Scanning 2340 / 2528 files from source...
[10:50:54.164] Scanning 2350 / 2528 files from source...
[10:50:54.164] Scanning 2360 / 2528 files from source...
[10:50:54.164] Scanning 2370 / 2528 files from source...
[10:50:54.164] Scanning 2380 / 2528 files from source...
[10:50:54.164] Scanning 2390 / 2528 files from source...
[10:50:54.164] Scanning 2400 / 2528 files from source...
[10:50:54.164] Scanning 2410 / 2528 files from source...
[10:50:54.164] Scanning 2420 / 2528 files from source...
[10:50:54.164] Scanning 2430 / 2528 files from source...
[10:50:54.164] Scanning 2440 / 2528 files from source...
[10:50:54.164] Scanning 2450 / 2528 files from source...
[10:50:54.164] Scanning 2460 / 2528 files from source...
[10:50:54.164] Scanning 2470 / 2528 files from source...
[10:50:54.164] Scanning 2480 / 2528 files from source...
[10:50:54.164] Scanning 2490 / 2528 files from source...
[10:50:54.164] Scanning 2500 / 2528 files from source...
[10:50:54.164] Scanning 2510 / 2528 files from source...
[10:50:54.164] Scanning 2520 / 2528 files from source...
[10:50:54.164] Source scan complete: 2528 items found
[10:50:54.164] Scanning destination: test_files_copy
[10:50:54.165] Counting files in destination: 10 so far...
[10:50:54.165] Counting files in destination: 20 so far...
[10:50:54.165] Counting files in destination: 30 so far...
[10:50:54.165] Counting files in destination: 40 so far...
[10:50:54.165] Counting files in destination: 50 so far...
[10:50:54.165] Counting files in destination: 60 so far...
[10:50:54.165] Counting files in destination: 70 so far...
[10:50:54.165] Counting files in destination: 80 so far...
[10:50:54.165] Counting files in destination: 90 so far...
[10:50:54.165] Counting files in destination: 100 so far...
[10:50:54.165] Counting files in destination: 110 so far...
[10:50:54.165] Counting files in destination: 120 so far...
[10:50:54.165] Counting files in destination: 130 so far...
[10:50:54.165] Counting files in destination: 140 so far...
[10:50:54.165] Counting files in destination: 150 so far...
[10:50:54.165] Counting files in destination: 160 so far...
[10:50:54.165] Counting files in destination: 170 so far...
[10:50:54.165] Counting files in destination: 180 so far...
[10:50:54.165] Counting files in destination: 190 so far...
[10:50:54.165] Counting files in destination: 200 so far...
[10:50:54.165] Counting files in destination: 210 so far...
[10:50:54.165] Counting files in destination: 220 so far...
[10:50:54.165] Counting files in destination: 230 so far...
[10:50:54.165] Counting files in destination: 240 so far...
[10:50:54.165] Counting files in destination: 250 so far...
[10:50:54.165] Counting files in destination: 260 so far...
[10:50:54.165] Counting files in destination: 270 so far...
[10:50:54.165] Counting files in destination: 280 so far...
[10:50:54.166] Counting files in destination: 290 so far...
[10:50:54.166] Counting files in destination: 300 so far...
[10:50:54.166] Counting files in destination: 310 so far...
[10:50:54.166] Counting files in destination: 320 so far...
[10:50:54.166] Counting files in destination: 330 so far...
[10:50:54.166] Counting files in destination: 340 so far...
[10:50:54.166] Counting files in destination: 350 so far...
[10:50:54.166] Counting files in destination: 360 so far...
[10:50:54.166] Counting files in destination: 370 so far...
[10:50:54.166] Counting files in destination: 380 so far...
[10:50:54.166] Counting files in destination: 390 so far...
[10:50:54.166] Counting files in destination: 400 so far...
[10:50:54.166] Counting files in destination: 410 so far...
[10:50:54.166] Counting files in destination: 420 so far...
[10:50:54.166] Counting files in destination: 430 so far...
[10:50:54.166] Counting files in destination: 440 so far...
[10:50:54.166] Counting files in destination: 450 so far...
[10:50:54.166] Counting files in destination: 460 so far...
[10:50:54.166] Counting files in destination: 470 so far...
[10:50:54.166] Counting files in destination: 480 so far...
[10:50:54.166] Counting files in destination: 490 so far...
[10:50:54.166] Counting files in destination: 500 so far...
[10:50:54.166] Counting files in destination: 510 so far...
[10:50:54.166] Counting files in destination: 520 so far...
[10:50:54.166] Counting files in destination: 530 so far...
[10:50:54.166] Counting files in destination: 540 so far...
[10:50:54.166] Counting files in destination: 550 so far...
[10:50:54.166] Counting files in destination: 560 so far...
[10:50:54.166] Counting files in destination: 570 so far...
[10:50:54.166] Counting files in destination: 580 so far...
[10:50:54.166] Counting files in destination: 590 so far...
[10:50:54.167] Counting files in destination: 600 so far...
[10:50:54.167] Counting files in destination: 610 so far...
[10:50:54.167] Counting files in destination: 620 so far...
[10:50:54.167] Counting files in destination: 630 so far...
[10:50:54.167] Counting files in destination: 640 so far...
[10:50:54.167] Counting files in destination: 650 so far...
[10:50:54.167] Counting files in destination: 660 so far...
[10:50:54.167] Counting files in destination: 670 so far...
[10:50:54.167] Counting files in destination: 680 so far...
[10:50:54.167] Counting files in destination: 690 so far...
[10:50:54.167] Counting files in destination: 700 so far...
[10:50:54.167] Counting files in destination: 710 so far...
[10:50:54.167] Counting files in destination: 720 so far...
[10:50:54.167] Counting files in destination: 730 so far...
[10:50:54.167] Counting files in destination: 740 so far...
[10:50:54.167] Counting files in destination: 750 so far...
[10:50:54.167] Counting files in destination: 760 so far...
[10:50:54.167] Counting files in destination: 770 so far...
[10:50:54.167] Counting files in destination: 780 so far...
[10:50:54.167] Counting files in destination: 790 so far...
[10:50:54.167] Counting files in destination: 800 so far...
[10:50:54.167] Counting files in destination: 810 so far...
[10:50:54.167] Counting files in destination: 820 so far...
[10:50:54.167] Counting files in destination: 830 so far...
[10:50:54.167] Counting files in destination: 840 so far...
[10:50:54.168] Counting files in destination: 850 so far...
[10:50:54.168] Counting files in destination: 860 so far...
[10:50:54.168] Counting files in destination: 870 so far...
[10:50:54.168] Counting files in destination: 880 so far...
[10:50:54.168] Counting files in destination: 890 so far...
[10:50:54.168] Counting files in destination: 900 so far...
[10:50:54.168] Counting files in destination: 910 so far...
[10:50:54.168] Counting files in destination: 920 so far...
[10:50:54.168] Counting files in destination: 930 so far...
[10:50:54.168] Counting files in destination: 940 so far...
[10:50:54.168] Counting files in destination: 950 so far...
[10:50:54.168] Counting files in destination: 960 so far...
[10:50:54.168] Counting files in destination: 970 so far...
[10:50:54.168] Counting files in destination: 980 so far...
[10:50:54.168] Counting files in destination: 990 so far...
[10:50:54.168] Counting files in destination: 1000 so far...
[10:50:54.168] Counting files in destination: 1010 so far...
[10:50:54.168] Counting files in destination: 1020 so far...
[10:50:54.168] Counting files in destination: 1030 so far...
[10:50:54.168] Counting files in destination: 1040 so far...
[10:50:54.168] Counting files in destination: 1050 so far...
[10:50:54.168] Counting files in destination: 1060 so far...
[10:50:54.168] Counting files in destination: 1070 so far...
[10:50:54.168] Counting files in destination: 1080 so far...
[10:50:54.168] Counting files in destination: 1090 so far...
[10:50:54.168] Counting files in destination: 1100 so far...
[10:50:54.169] Counting files in destination: 1110 so far...
[10:50:54.169] Counting files in destination: 1120 so far...
[10:50:54.169] Counting files in destination: 1130 so far...
[10:50:54.169] Counting files in destination: 1140 so far...
[10:50:54.169] Counting files in destination: 1150 so far...
[10:50:54.169] Counting files in destination: 1160 so far...
[10:50:54.169] Counting files in destination: 1170 so far...
[10:50:54.169] Counting files in destination: 1180 so far...
[10:50:54.169] Counting files in destination: 1190 so far...
[10:50:54.169] Counting files in destination: 1200 so far...
[10:50:54.169] Counting files in destination: 1210 so far...
[10:50:54.169] Counting files in destination: 1220 so far...
[10:50:54.169] Counting files in destination: 1230 so far...
[10:50:54.169] Counting files in destination: 1240 so far...
[10:50:54.169] Counting files in destination: 1250 so far...
[10:50:54.169] Counting files in destination: 1260 so far...
[10:50:54.169] Counting files in destination: 1270 so far...
[10:50:54.169] Counting files in destination: 1280 so far...
[10:50:54.169] Counting files in destination: 1290 so far...
[10:50:54.169] Counting files in destination: 1300 so far...
[10:50:54.169] Counting files in destination: 1310 so far...
[10:50:54.169] Counting files in destination: 1320 so far...
[10:50:54.169] Counting files in destination: 1330 so far...
[10:50:54.169] Counting files in destination: 1340 so far...
[10:50:54.169] Counting files in destination: 1350 so far...
[10:50:54.169] Counting files in destination: 1360 so far...
[10:50:54.169] Counting files in destination: 1370 so far...
[10:50:54.169] Counting files in destination: 1380 so far...
[10:50:54.169] Counting files in destination: 1390 so far...
[10:50:54.169] Counting files in destination: 1400 so far...
[10:50:54.169] Counting files in destination: 1410 so far...
[10:50:54.169] Counting files in destination: 1420 so far...
[10:50:54.169] Counting files in destination: 1430 so far...
[10:50:54.169] Counting files in destination: 1440 so far...
[10:50:54.170] Counting files in destination: 1450 so far...
[10:50:54.170] Counting files in destination: 1460 so far...
[10:50:54.170] Counting files in destination: 1470 so far...
[10:50:54.170] Counting files in destination: 1480 so far...
[10:50:54.170] Counting files in destination: 1490 so far...
[10:50:54.170] Counting files in destination: 1500 so far...
[10:50:54.170] Counting files in destination: 1510 so far...
[10:50:54.170] Counting files in destination: 1520 so far...
[10:50:54.170] Counting files in destination: 1530 so far...
[10:50:54.170] Counting files in destination: 1540 so far...
[10:50:54.170] Counting files in destination: 1550 so far...
[10:50:54.170] Counting files in destination: 1560 so far...
[10:50:54.170] Counting files in destination: 1570 so far...
[10:50:54.170] Counting files in destination: 1580 so far...
[10:50:54.170] Counting files in destination: 1590 so far...
[10:50:54.170] Counting files in destination: 1600 so far...
[10:50:54.170] Counting files in destination: 1610 so far...
[10:50:54.170] Counting files in destination: 1620 so far...
[10:50:54.170] Counting files in destination: 1630 so far...
[10:50:54.170] Counting files in destination: 1640 so far...
[10:50:54.170] Counting files in destination: 1650 so far...
[10:50:54.170] Counting files in destination: 1660 so far...
[10:50:54.170] Counting files in destination: 1670 so far...
[10:50:54.170] Counting files in destination: 1680 so far...
[10:50:54.170] Counting files in destination: 1690 so far...
[10:50:54.170] Counting files in destination: 1700 so far...
[10:50:54.170] Counting files in destination: 1710 so far...
[10:50:54.170] Counting files in destination: 1720 so far...
[10:50:54.170] Counting files in destination: 1730 so far...
[10:50:54.170] Counting files in destination: 1740 so far...
[10:50:54.170] Counting files in destination: 1750 so far...
[10:50:54.170] Counting files in destination: 1760 so far...
[10:50:54.170] Counting files in destination: 1770 so far...
[10:50:54.171] Counting files in destination: 1780 so far...
[10:50:54.171] Counting files in destination: 1790 so far...
[10:50:54.171] Counting files in destination: 1800 so far...
[10:50:54.171] Counting files in destination: 1810 so far...
[10:50:54.171] Counting files in destination: 1820 so far...
[10:50:54.171] Counting files in destination: 1830 so far...
[10:50:54.171] Counting files in destination: 1840 so far...
[10:50:54.171] Counting files in destination: 1850 so far...
[10:50:54.171] Counting files in destination: 1860 so far...
[10:50:54.171] Counting files in destination: 1870 so far...
[10:50:54.171] Counting files in destination: 1880 so far...
[10:50:54.171] Counting files in destination: 1890 so far...
[10:50:54.171] Counting files in destination: 1900 so far...
[10:50:54.171] Counting files in destination: 1910 so far...
[10:50:54.171] Counting files in destination: 1920 so far...
[10:50:54.171] Counting files in destination: 1930 so far...
[10:50:54.171] Counting files in destination: 1940 so far...
[10:50:54.171] Counting files in destination: 1950 so far...
[10:50:54.171] Counting files in destination: 1960 so far...
[10:50:54.171] Counting files in destination: 1970 so far...
[10:50:54.171] Counting files in destination: 1980 so far...
[10:50:54.171] Counting files in destination: 1990 so far...
[10:50:54.171] Counting files in destination: 2000 so far...
[10:50:54.171] Counting files in destination: 2010 so far...
[10:50:54.171] Counting files in destination: 2020 so far...
[10:50:54.171] Counting files in destination: 2030 so far...
[10:50:54.171] Counting files in destination: 2040 so far...
[10:50:54.171] Counting files in destination: 2050 so far...
[10:50:54.171] Counting files in destination: 2060 so far...
[10:50:54.171] Counting files in destination: 2070 so far...
[10:50:54.171] Counting files in destination: 2080 so far...
[10:50:54.172] Counting files in destination: 2090 so far...
[10:50:54.172] Counting files in destination: 2100 so far...
[10:50:54.172] Counting files in destination: 2110 so far...
[10:50:54.172] Counting files in destination: 2120 so far...
[10:50:54.172] Counting files in destination: 2130 so far...
[10:50:54.172] Counting files in destination: 2140 so far...
[10:50:54.172] Counting files in destination: 2150 so far...
[10:50:54.172] Counting files in destination: 2160 so far...
[10:50:54.172] Counting files in destination: 2170 so far...
[10:50:54.172] Counting files in destination: 2180 so far...
[10:50:54.172] Counting files in destination: 2190 so far...
[10:50:54.172] Counting files in destination: 2200 so far...
[10:50:54.172] Counting files in destination: 2210 so far...
[10:50:54.172] Counting files in destination: 2220 so far...
[10:50:54.172] Counting files in destination: 2230 so far...
[10:50:54.172] Counting files in destination: 2240 so far...
[10:50:54.172] Counting files in destination: 2250 so far...
[10:50:54.172] Counting files in destination: 2260 so far...
[10:50:54.172] Counting files in destination: 2270 so far...
[10:50:54.172] Counting files in destination: 2280 so far...
[10:50:54.172] Counting files in destination: 2290 so far...
[10:50:54.172] Counting files in destination: 2300 so far...
[10:50:54.172] Counting files in destination: 2310 so far...
[10:50:54.172] Counting files in destination: 2320 so far...
[10:50:54.172] Counting files in destination: 2330 so far...
[10:50:54.172] Counting files in destination: 2340 so far...
[10:50:54.172] Counting files in destination: 2350 so far...
[10:50:54.172] Counting files in destination: 2360 so far...
[10:50:54.172] Counting files in destination: 2370 so far...
[10:50:54.173] Counting files in destination: 2380 so far...
[10:50:54.173] Counting files in destination: 2390 so far...
[10:50:54.173] Counting files in destination: 2400 so far...
[10:50:54.173] Counting files in destination: 2410 so far...
[10:50:54.173] Counting files in destination: 2420 so far...
[10:50:54.173] Counting files in destination: 2430 so far...
[10:50:54.173] Counting files in destination: 2440 so far...
[10:50:54.173] Counting files in destination: 2450 so far...
[10:50:54.173] Counting files in destination: 2460 so far...
[10:50:54.173] Counting files in destination: 2470 so far...
[10:50:54.173] Counting files in destination: 2480 so far...
[10:50:54.173] Counting files in destination: 2490 so far...
[10:50:54.173] Counting files in destination: 2500 so far...
[10:50:54.173] Counting files in destination: 2510 so far...
[10:50:54.173] Counting files in destination: 2520 so far...
[10:50:54.173] Scanning 10 / 2528 files from destination...
[10:50:54.173] Scanning 20 / 2528 files from destination...
[10:50:54.173] Scanning 30 / 2528 files from destination...
[10:50:54.173] Scanning 40 / 2528 files from destination...
[10:50:54.173] Scanning 50 / 2528 files from destination...
[10:50:54.173] Scanning 60 / 2528 files from destination...
[10:50:54.173] Scanning 70 / 2528 files from destination...
[10:50:54.173] Scanning 80 / 2528 files from destination...
[10:50:54.173] Scanning 90 / 2528 files from destination...
[10:50:54.174] Scanning 100 / 2528 files from destination...
[10:50:54.174] Scanning 110 / 2528 files from destination...
[10:50:54.174] Scanning 120 / 2528 files from destination...
[10:50:54.174] Scanning 130 / 2528 files from destination...
[10:50:54.174] Scanning 140 / 2528 files from destination...
[10:50:54.174] Scanning 150 / 2528 files from destination...
[10:50:54.174] Scanning 160 / 2528 files from destination...
[10:50:54.174] Scanning 170 / 2528 files from destination...
[10:50:54.174] Scanning 180 / 2528 files from destination...
[10:50:54.174] Scanning 190 / 2528 files from destination...
[10:50:54.174] Scanning 200 / 2528 files from destination...
[10:50:54.174] Scanning 210 / 2528 files from destination...
[10:50:54.174] Scanning 220 / 2528 files from destination...
[10:50:54.174] Scanning 230 / 2528 files from destination...
[10:50:54.174] Scanning 240 / 2528 files from destination...
[10:50:54.174] Scanning 250 / 2528 files from destination...
[10:50:54.174] Scanning 260 / 2528 files from destination...
[10:50:54.174] Scanning 270 / 2528 files from destination...
[10:50:54.174] Scanning 280 / 2528 files from destination...
[10:50:54.174] Scanning 290 / 2528 files from destination...
[10:50:54.174] Scanning 300 / 2528 files from destination...
[10:50:54.174] Scanning 310 / 2528 files from destination...
[10:50:54.174] Scanning 320 / 2528 files from destination...
[10:50:54.174] Scanning 330 / 2528 files from destination...
[10:50:54.174] Scanning 340 / 2528 files from destination...
[10:50:54.174] Scanning 350 / 2528 files from destination...
[10:50:54.174] Scanning 360 / 2528 files from destination...
[10:50:54.174] Scanning 370 / 2528 files from destination...
[10:50:54.174] Scanning 380 / 2528 files from destination...
[10:50:54.174] Scanning 390 / 2528 files from destination...
[10:50:54.174] Scanning 400 / 2528 files from destination...
[10:50:54.174] Scanning 410 / 2528 files from destination...
[10:50:54.174] Scanning 420 / 2528 files from destination...
[10:50:54.174] Scanning 430 / 2528 files from destination...
[10:50:54.174] Scanning 440 / 2528 files from destination...
[10:50:54.175] Scanning 450 / 2528 files from destination...
[10:50:54.175] Scanning 460 / 2528 files from destination...
[10:50:54.175] Scanning 470 / 2528 files from destination...
[10:50:54.175] Scanning 480 / 2528 files from destination...
[10:50:54.175] Scanning 490 / 2528 files from destination...
[10:50:54.175] Scanning 500 / 2528 files from destination...
[10:50:54.175] Scanning 510 / 2528 files from destination...
[10:50:54.175] Scanning 520 / 2528 files from destination...
[10:50:54.175] Scanning 530 / 2528 files from destination...
[10:50:54.175] Scanning 540 / 2528 files from destination...
[10:50:54.175] Scanning 550 / 2528 files from destination...
[10:50:54.175] Scanning 560 / 2528 files from destination...
[10:50:54.175] Scanning 570 / 2528 files from destination...
[10:50:54.175] Scanning 580 / 2528 files from destination...
[10:50:54.175] Scanning 590 / 2528 files from destination...
[10:50:54.175] Scanning 600 / 2528 files from destination...
[10:50:54.175] Scanning 610 / 2528 files from destination...
[10:50:54.175] Scanning 620 / 2528 files from destination...
[10:50:54.175] Scanning 630 / 2528 files from destination...
[10:50:54.175] Scanning 640 / 2528 files from destination...
[10:50:54.175] Scanning 650 / 2528 files from destination...
[10:50:54.175] Scanning 660 / 2528 files from destination...
[10:50:54.175] Scanning 670 / 2528 files from destination...
[10:50:54.175] Scanning 680 / 2528 files from destination...
[10:50:54.175] Scanning 690 / 2528 files from destination...
[10:50:54.175] Scanning 700 / 2528 files from destination...
[10:50:54.175] Scanning 710 / 2528 files from destination...
[10:50:54.175] Scanning 720 / 2528 files from destination...
[10:50:54.175] Scanning 730 / 2528 files from destination...
[10:50:54.175] Scanning 740 / 2528 files from destination...
[10:50:54.175] Scanning 750 / 2528 files from destination...
[10:50:54.175] Scanning 760 / 2528 files from destination...
[10:50:54.175] Scanning 770 / 2528 files from destination...
[10:50:54.175] Scanning 780 / 2528 files from destination...
[10:50:54.175] Scanning 790 / 2528 files from destination...
[10:50:54.175] Scanning 800 / 2528 files from destination...
[10:50:54.175] Scanning 810 / 2528 files from destination...
[10:50:54.176] Scanning 820 / 2528 files from destination...
[10:50:54.176] Scanning 830 / 2528 files from destination...
[10:50:54.176] Scanning 840 / 2528 files from destination...
[10:50:54.176] Scanning 850 / 2528 files from destination...
[10:50:54.176] Scanning 860 / 2528 files from destination...
[10:50:54.176] Scanning 870 / 2528 files from destination...
[10:50:54.176] Scanning 880 / 2528 files from destination...
[10:50:54.176] Scanning 890 / 2528 files from destination...
[10:50:54.176] Scanning 900 / 2528 files from destination...
[10:50:54.176] Scanning 910 / 2528 files from destination...
[10:50:54.176] Scanning 920 / 2528 files from destination...
[10:50:54.176] Scanning 930 / 2528 files from destination...
[10:50:54.176] Scanning 940 / 2528 files from destination...
[10:50:54.176] Scanning 950 / 2528 files from destination...
[10:50:54.176] Scanning 960 / 2528 files from destination...
[10:50:54.176] Scanning 970 / 2528 files from destination...
[10:50:54.176] Scanning 980 / 2528 files from destination...
[10:50:54.176] Scanning 990 / 2528 files from destination...
[10:50:54.176] Scanning 1000 / 2528 files from destination...
[10:50:54.176] Scanning 1010 / 2528 files from destination...
[10:50:54.176] Scanning 1020 / 2528 files from destination...
[10:50:54.176] Scanning 1030 / 2528 files from destination...
[10:50:54.176] Scanning 1040 / 2528 files from destination...
[10:50:54.176] Scanning 1050 / 2528 files from destination...
[10:50:54.176] Scanning 1060 / 2528 files from destination...
[10:50:54.176] Scanning 1070 / 2528 files from destination...
[10:50:54.176] Scanning 1080 / 2528 files from destination...
[10:50:54.176] Scanning 1090 / 2528 files from destination...
[10:50:54.176] Scanning 1100 / 2528 files from destination...
[10:50:54.176] Scanning 1110 / 2528 files from destination...
[10:50:54.176] Scanning 1120 / 2528 files from destination...
[10:50:54.177] Scanning 1130 / 2528 files from destination...
[10:50:54.177] Scanning 1140 / 2528 files from destination...
[10:50:54.177] Scanning 1150 / 2528 files from destination...
[10:50:54.177] Scanning 1160 / 2528 files from destination...
[10:50:54.177] Scanning 1170 / 2528 files from destination...
[10:50:54.177] Scanning 1180 / 2528 files from destination...
[10:50:54.177] Scanning 1190 / 2528 files from destination...
[10:50:54.177] Scanning 1200 / 2528 files from destination...
[10:50:54.177] Scanning 1210 / 2528 files from destination...
[10:50:54.177] Scanning 1220 / 2528 files from destination...
[10:50:54.177] Scanning 1230 / 2528 files from destination...
[10:50:54.177] Scanning 1240 / 2528 files from destination...
[10:50:54.177] Scanning 1250 / 2528 files from destination...
[10:50:54.177] Scanning 1260 / 2528 files from destination...
[10:50:54.177] Scanning 1270 / 2528 files from destination...
[10:50:54.177] Scanning 1280 / 2528 files from destination...
[10:50:54.177] Scanning 1290 / 2528 files from destination...
[10:50:54.177] Scanning 1300 / 2528 files from destination...
[10:50:54.177] Scanning 1310 / 2528 files from destination...
[10:50:54.177] Scanning 1320 / 2528 files from destination...
[10:50:54.177] Scanning 1330 / 2528 files from destination...
[10:50:54.177] Scanning 1340 / 2528 files from destination...
[10:50:54.177] Scanning 1350 / 2528 files from destination...
[10:50:54.177] Scanning 1360 / 2528 files from destination...
[10:50:54.177] Scanning 1370 / 2528 files from destination...
[10:50:54.177] Scanning 1380 / 2528 files from destination...
[10:50:54.177] Scanning 1390 / 2528 files from destination...
[10:50:54.177] Scanning 1400 / 2528 files from destination...
[10:50:54.177] Scanning 1410 / 2528 files from destination...
[10:50:54.178] Scanning 1420 / 2528 files from destination...
[10:50:54.178] Scanning 1430 / 2528 files from destination...
[10:50:54.178] Scanning 1440 / 2528 files from destination...
[10:50:54.178] Scanning 1450 / 2528 files from destination...
[10:50:54.178] Scanning 1460 / 2528 files from destination...
[10:50:54.178] Scanning 1470 / 2528 files from destination...
[10:50:54.178] Scanning 1480 / 2528 files from destination...
[10:50:54.178] Scanning 1490 / 2528 files from destination...
[10:50:54.178] Scanning 1500 / 2528 files from destination...
[10:50:54.178] Scanning 1510 / 2528 files from destination...
[10:50:54.178] Scanning 1520 / 2528 files from destination...
[10:50:54.178] Scanning 1530 / 2528 files from destination...
[10:50:54.178] Scanning 1540 / 2528 files from destination...
[10:50:54.178] Scanning 1550 / 2528 files from destination...
[10:50:54.178] Scanning 1560 / 2528 files from destination...
[10:50:54.178] Scanning 1570 / 2528 files from destination...
[10:50:54.178] Scanning 1580 / 2528 files from destination...
[10:50:54.178] Scanning 1590 / 2528 files from destination...
[10:50:54.178] Scanning 1600 / 2528 files from destination...
[10:50:54.178] Scanning 1610 / 2528 files from destination...
[10:50:54.178] Scanning 1620 / 2528 files from destination...
[10:50:54.178] Scanning 1630 / 2528 files from destination...
[10:50:54.178] Scanning 1640 / 2528 files from destination...
[10:50:54.178] Scanning 1650 / 2528 files from destination...
[10:50:54.178] Scanning 1660 / 2528 files from destination...
[10:50:54.178] Scanning 1670 / 2528 files from destination...
[10:50:54.178] Scanning 1680 / 2528 files from destination...
[10:50:54.179] Scanning 1690 / 2528 files from destination...
[10:50:54.179] Scanning 1700 / 2528 files from destination...
[10:50:54.179] Scanning 1710 / 2528 files from destination...
[10:50:54.179] Scanning 1720 / 2528 files from destination...
[10:50:54.179] Scanning 1730 / 2528 files from destination...
[10:50:54.179] Scanning 1740 / 2528 files from destination...
[10:50:54.179] Scanning 1750 / 2528 files from destination...
[10:50:54.179] Scanning 1760 / 2528 files from destination...
[10:50:54.179] Scanning 1770 / 2528 files from destination...
[10:50:54.179] Scanning 1780 / 2528 files from destination...
[10:50:54.179] Scanning 1790 / 2528 files from destination...
[10:50:54.179] Scanning 1800 / 2528 files from destination...
[10:50:54.179] Scanning 1810 / 2528 files from destination...
[10:50:54.179] Scanning 1820 / 2528 files from destination...
[10:50:54.179] Scanning 1830 / 2528 files from destination...
[10:50:54.179] Scanning 1840 / 2528 files from destination...
[10:50:54.179] Scanning 1850 / 2528 files from destination...
[10:50:54.179] Scanning 1860 / 2528 files from destination...
[10:50:54.179] Scanning 1870 / 2528 files from destination...
[10:50:54.180] Scanning 1880 / 2528 files from destination...
[10:50:54.180] Scanning 1890 / 2528 files from destination...
[10:50:54.180] Scanning 1900 / 2528 files from destination...
[10:50:54.180] Scanning 1910 / 2528 files from destination...
[10:50:54.180] Scanning 1920 / 2528 files from destination...
[10:50:54.180] Scanning 1930 / 2528 files from destination...
[10:50:54.180] Scanning 1940 / 2528 files from destination...
[10:50:54.180] Scanning 1950 / 2528 files from destination...
[10:50:54.180] Scanning 1960 / 2528 files from destination...
[10:50:54.180] Scanning 1970 / 2528 files from destination...
[10:50:54.180] Scanning 1980 / 2528 files from destination...
[10:50:54.180] Scanning 1990 / 2528 files from destination...
[10:50:54.180] Scanning 2000 / 2528 files from destination...
[10:50:54.180] Scanning 2010 / 2528 files from destination...
[10:50:54.180] Scanning 2020 / 2528 files from destination...
[10:50:54.180] Scanning 2030 / 2528 files from destination...
[10:50:54.180] Scanning 2040 / 2528 files from destination...
[10:50:54.180] Scanning 2050 / 2528 files from destination...
[10:50:54.180] Scanning 2060 / 2528 files from destination...
[10:50:54.180] Scanning 2070 / 2528 files from destination...
[10:50:54.180] Scanning 2080 / 2528 files from destination...
[10:50:54.180] Scanning 2090 / 2528 files from destination...
[10:50:54.180] Scanning 2100 / 2528 files from destination...
[10:50:54.180] Scanning 2110 / 2528 files from destination...
[10:50:54.180] Scanning 2120 / 2528 files from destination...
[10:50:54.180] Scanning 2130 / 2528 files from destination...
[10:50:54.181] Scanning 2140 / 2528 files from destination...
[10:50:54.181] Scanning 2150 / 2528 files from destination...
[10:50:54.181] Scanning 2160 / 2528 files from destination...
[10:50:54.181] Scanning 2170 / 2528 files from destination...
[10:50:54.181] Scanning 2180 / 2528 files from destination...
[10:50:54.181] Scanning 2190 / 2528 files from destination...
[10:50:54.181] Scanning 2200 / 2528 files from destination...
[10:50:54.181] Scanning 2210 / 2528 files from destination...
[10:50:54.181] Scanning 2220 / 2528 files from destination...
[10:50:54.181] Scanning 2230 / 2528 files from destination...
[10:50:54.181] Scanning 2240 / 2528 files from destination...
[10:50:54.181] Scanning 2250 / 2528 files from destination...
[10:50:54.181] Scanning 2260 / 2528 files from destination...
[10:50:54.181] Scanning 2270 / 2528 files from destination...
[10:50:54.181] Scanning 2280 / 2528 files from destination...
[10:50:54.181] Scanning 2290 / 2528 files from destination...
[10:50:54.181] Scanning 2300 / 2528 files from destination...
[10:50:54.181] Scanning 2310 / 2528 files from destination...
[10:50:54.181] Scanning 2320 / 2528 files from destination...
[10:50:54.181] Scanning 2330 / 2528 files from destination...
[10:50:54.181] Scanning 2340 / 2528 files from destination...
[10:50:54.181] Scanning 2350 / 2528 files from destination...
[10:50:54.181] Scanning 2360 / 2528 files from destination...
[10:50:54.181] Scanning 2370 / 2528 files from destination...
[10:50:54.181] Scanning 2380 / 2528 files from destination...
[10:50:54.181] Scanning 2390 / 2528 files from destination...
[10:50:54.181] Scanning 2400 / 2528 files from destination...
[10:50:54.181] Scanning 2410 / 2528 files from destination...
[10:50:54.182] Scanning 2420 / 2528 files from destination...
[10:50:54.182] Scanning 2430 / 2528 files from destination...
[10:50:54.182] Scanning 2440 / 2528 files from destination...
[10:50:54.182] Scanning 2450 / 2528 files from destination...
[10:50:54.182] Scanning 2460 / 2528 files from destination...
[10:50:54.182] Scanning 2470 / 2528 files from destination...
[10:50:54.182] Scanning 2480 / 2528 files from destination...
[10:50:54.182] Scanning 2490 / 2528 files from destination...
[10:50:54.182] Scanning 2500 / 2528 files from destination...
[10:50:54.182] Scanning 2510 / 2528 files from destination...
[10:50:54.182] Scanning 2520 / 2528 files from destination...
[10:50:54.182] Destination scan complete: 2528 items found
[10:50:54.182] Comparing files to determine sync plan (2528 files to compare)...
[10:50:54.182] Sample source paths:
[10:50:54.182]   Source: 2024-03/2024-03-31.AT8A7025.jpg
[10:50:54.182]   Source: 2024-06/2024-06-27.IMG_5354.jpg
[10:50:54.182]   Source: 2024-08/2024-08-10.0A0A5864.jpg
[10:50:54.182]   Source: 2024-05/2024-05-08.IMG_4882.jpg
[10:50:54.182]   Source: 2024-06/2024-06-30._A0A9640.jpg
[10:50:54.182] Sample destination paths:
[10:50:54.182]   Dest: 2024-07/2024-07-02.0A0A2176.jpg
[10:50:54.182]   Dest: 2024-08/2024-08-07.IMG_8785.jpg
[10:50:54.182]   Dest: 2024-11/2024-11-09.IMG_7146.jpg
[10:50:54.182]   Dest: 2024-11/2024-11-18.IMG_9657.jpg
[10:50:54.182]   Dest: 2024-12/2024-12-24.IMG_7276 (1).jpg
[10:50:54.185]    Hash match: 2024-06/2024-06-27.0A0A6207.jpg (75310699...)
[10:50:54.185]    Already synced: 2024-06/2024-06-27.0A0A6207.jpg (size=919966, modtime=2024-10-16T20:01:42.3177308-04:00)
[10:50:54.187]    Hash match: 2024-07/2024-07-26.0A0A4000.jpg (a86c7e01...)
[10:50:54.187]    Already synced: 2024-07/2024-07-26.0A0A4000.jpg (size=538260, modtime=2024-08-11T14:43:52.6089297-04:00)
[10:50:54.190]    Hash match: 2024-08/2024-08-07.IMG_5726.jpg (b88ec219...)
[10:50:54.190]    Already synced: 2024-08/2024-08-07.IMG_5726.jpg (size=872724, modtime=2024-08-11T14:45:08.5017492-04:00)
[10:50:54.193]    Hash match: 2024-08/2024-08-10.0A0A5605.jpg (c87cb7ef...)
[10:50:54.193]    Already synced: 2024-08/2024-08-10.0A0A5605.jpg (size=1008185, modtime=2024-08-11T14:45:30.9935805-04:00)
[10:50:54.196]    Hash match: 2024-08/2024-08-11.IMG_8808.jpg (84596b4e...)
[10:50:54.196]    Already synced: 2024-08/2024-08-11.IMG_8808.jpg (size=621811, modtime=2024-10-16T20:03:22.8039938-04:00)
[10:50:54.199]    Already synced: 2024-11/2024-11-29.0A0A8008.jpg (size=958613, modtime=2025-01-19T09:52:30.2073157-05:00)
[10:50:54.201]    Already synced: 2024-01/2024-01-31.IMG_6488.jpg (size=857988, modtime=2024-03-03T19:46:43.4192113-05:00)
[10:50:54.204]    Already synced: 2024-04/2024-04-20.IMG_7102.jpg (size=819307, modtime=2024-06-17T21:31:59.0770354-04:00)
[10:50:54.205]    Already synced: 2024-06/2024-06-14.20240614_155934.jpg (size=462645, modtime=2024-08-11T14:36:24.3479429-04:00)
[10:50:54.207]    Already synced: 2024-07/2024-07-21.IMG_5618.jpg (size=532477, modtime=2024-08-11T14:43:32.1000172-04:00)
[10:50:54.547] Compared 100 / 2528 files...
[10:50:54.825] Compared 200 / 2528 files...
[10:50:55.200] Compared 300 / 2528 files...
[10:50:55.536] Compared 400 / 2528 files...
[10:50:55.961] Compared 500 / 2528 files...
[10:50:56.472] Compared 600 / 2528 files...
[10:50:56.766] Compared 700 / 2528 files...
[10:50:57.181] Compared 800 / 2528 files...
[10:50:57.552] Compared 900 / 2528 files...
[10:50:57.939] Compared 1000 / 2528 files...
[10:50:58.286] Compared 1100 / 2528 files...
[10:50:58.638] Compared 1200 / 2528 files...
[10:50:59.048] Compared 1300 / 2528 files...
[10:50:59.407] Compared 1400 / 2528 files...
[10:50:59.797] Compared 1500 / 2528 files...
[10:51:00.185] Compared 1600 / 2528 files...
[10:51:00.494] Compared 1700 / 2528 files...
[10:51:00.861] Compared 1800 / 2528 files...
[10:51:01.233] Compared 1900 / 2528 files...
[10:51:01.649] Compared 2000 / 2528 files...
[10:51:01.990] Compared 2100 / 2528 files...
[10:51:02.376] Compared 2200 / 2528 files...
[10:51:02.728] Compared 2300 / 2528 files...
[10:51:03.146] Compared 2400 / 2528 files...
[10:51:03.470] Compared 2500 / 2528 files...
[10:51:03.519] Found 0 files to sync (0 B total)
[10:51:03.519] 2516 files already up-to-date
[10:51:03.519] Comparison summary: 2528 source files, 2528 dest files, 0 need sync, 2516 already synced
[10:51:03.519] Analysis complete!
[10:51:03.519] Starting sync phase (adaptive mode)...
[10:51:03.519] Files to sync: 0
[10:51:03.519] Adaptive: Starting with 1 worker, will continuously adjust based on per-worker efficiency
[10:51:03.519] 
=== Sync Log Ended: 2025-12-26T10:51:03-05:00 ===
